[0.094s] DEBUG:colcon:Command line arguments: ['/usr/bin/colcon', 'build', '--symlink-install']
[0.094s] DEBUG:colcon:Parsed command line arguments: Namespace(log_base=None, log_level=None, verb_name='build', build_base='build', install_base='install', merge_install=False, symlink_install=True, test_result_base=None, continue_on_error=False, executor='parallel', parallel_workers=12, event_handlers=None, ignore_user_meta=False, metas=['./colcon.meta'], base_paths=['.'], packages_ignore=None, packages_ignore_regex=None, paths=None, packages_up_to=None, packages_up_to_regex=None, packages_above=None, packages_above_and_dependencies=None, packages_above_depth=None, packages_select_by_dep=None, packages_skip_by_dep=None, packages_skip_up_to=None, packages_select_build_failed=False, packages_skip_build_finished=False, packages_select_test_failures=False, packages_skip_test_passed=False, packages_select=None, packages_skip=None, packages_select_regex=None, packages_skip_regex=None, packages_start=None, packages_end=None, allow_overriding=[], cmake_args=None, cmake_target=None, cmake_target_skip_unavailable=False, cmake_clean_cache=False, cmake_clean_first=False, cmake_force_configure=False, ament_cmake_args=None, catkin_cmake_args=None, catkin_skip_building_tests=False, verb_parser=<colcon_defaults.argument_parser.defaults.DefaultArgumentsDecorator object at 0x71d746004310>, verb_extension=<colcon_core.verb.build.BuildVerb object at 0x71d7460f56f0>, main=<bound method BuildVerb.main of <colcon_core.verb.build.BuildVerb object at 0x71d7460f56f0>>)
[0.178s] Level 1:colcon.colcon_core.package_discovery:discover_packages(colcon_meta) check parameters
[0.178s] Level 1:colcon.colcon_core.package_discovery:discover_packages(recursive) check parameters
[0.178s] Level 1:colcon.colcon_core.package_discovery:discover_packages(ignore) check parameters
[0.178s] Level 1:colcon.colcon_core.package_discovery:discover_packages(path) check parameters
[0.178s] Level 1:colcon.colcon_core.package_discovery:discover_packages(colcon_meta) discover
[0.178s] Level 1:colcon.colcon_core.package_discovery:discover_packages(recursive) discover
[0.178s] INFO:colcon.colcon_core.package_discovery:Crawling recursively for packages in '/home/ziko/ros2_ws'
[0.178s] Level 1:colcon.colcon_core.package_identification:_identify(.) by extensions ['ignore', 'ignore_ament_install']
[0.178s] Level 1:colcon.colcon_core.package_identification:_identify(.) by extension 'ignore'
[0.178s] Level 1:colcon.colcon_core.package_identification:_identify(.) by extension 'ignore_ament_install'
[0.178s] Level 1:colcon.colcon_core.package_identification:_identify(.) by extensions ['colcon_pkg']
[0.178s] Level 1:colcon.colcon_core.package_identification:_identify(.) by extension 'colcon_pkg'
[0.178s] Level 1:colcon.colcon_core.package_identification:_identify(.) by extensions ['colcon_meta']
[0.178s] Level 1:colcon.colcon_core.package_identification:_identify(.) by extension 'colcon_meta'
[0.178s] Level 1:colcon.colcon_core.package_identification:_identify(.) by extensions ['ros']
[0.178s] Level 1:colcon.colcon_core.package_identification:_identify(.) by extension 'ros'
[0.185s] Level 1:colcon.colcon_core.package_identification:_identify(.) by extensions ['cmake', 'python']
[0.185s] Level 1:colcon.colcon_core.package_identification:_identify(.) by extension 'cmake'
[0.185s] Level 1:colcon.colcon_core.package_identification:_identify(.) by extension 'python'
[0.185s] Level 1:colcon.colcon_core.package_identification:_identify(.) by extensions ['python_setup_py']
[0.185s] Level 1:colcon.colcon_core.package_identification:_identify(.) by extension 'python_setup_py'
[0.185s] Level 1:colcon.colcon_core.package_identification:_identify(build) by extensions ['ignore', 'ignore_ament_install']
[0.185s] Level 1:colcon.colcon_core.package_identification:_identify(build) by extension 'ignore'
[0.185s] Level 1:colcon.colcon_core.package_identification:_identify(build) ignored
[0.185s] Level 1:colcon.colcon_core.package_identification:_identify(install) by extensions ['ignore', 'ignore_ament_install']
[0.185s] Level 1:colcon.colcon_core.package_identification:_identify(install) by extension 'ignore'
[0.185s] Level 1:colcon.colcon_core.package_identification:_identify(install) ignored
[0.186s] Level 1:colcon.colcon_core.package_identification:_identify(log) by extensions ['ignore', 'ignore_ament_install']
[0.186s] Level 1:colcon.colcon_core.package_identification:_identify(log) by extension 'ignore'
[0.186s] Level 1:colcon.colcon_core.package_identification:_identify(log) ignored
[0.186s] Level 1:colcon.colcon_core.package_identification:_identify(src) by extensions ['ignore', 'ignore_ament_install']
[0.186s] Level 1:colcon.colcon_core.package_identification:_identify(src) by extension 'ignore'
[0.186s] Level 1:colcon.colcon_core.package_identification:_identify(src) by extension 'ignore_ament_install'
[0.186s] Level 1:colcon.colcon_core.package_identification:_identify(src) by extensions ['colcon_pkg']
[0.186s] Level 1:colcon.colcon_core.package_identification:_identify(src) by extension 'colcon_pkg'
[0.186s] Level 1:colcon.colcon_core.package_identification:_identify(src) by extensions ['colcon_meta']
[0.186s] Level 1:colcon.colcon_core.package_identification:_identify(src) by extension 'colcon_meta'
[0.186s] Level 1:colcon.colcon_core.package_identification:_identify(src) by extensions ['ros']
[0.186s] Level 1:colcon.colcon_core.package_identification:_identify(src) by extension 'ros'
[0.186s] Level 1:colcon.colcon_core.package_identification:_identify(src) by extensions ['cmake', 'python']
[0.186s] Level 1:colcon.colcon_core.package_identification:_identify(src) by extension 'cmake'
[0.186s] Level 1:colcon.colcon_core.package_identification:_identify(src) by extension 'python'
[0.186s] Level 1:colcon.colcon_core.package_identification:_identify(src) by extensions ['python_setup_py']
[0.186s] Level 1:colcon.colcon_core.package_identification:_identify(src) by extension 'python_setup_py'
[0.186s] Level 1:colcon.colcon_core.package_identification:_identify(src/eva_planning) by extensions ['ignore', 'ignore_ament_install']
[0.186s] Level 1:colcon.colcon_core.package_identification:_identify(src/eva_planning) by extension 'ignore'
[0.186s] Level 1:colcon.colcon_core.package_identification:_identify(src/eva_planning) by extension 'ignore_ament_install'
[0.186s] Level 1:colcon.colcon_core.package_identification:_identify(src/eva_planning) by extensions ['colcon_pkg']
[0.186s] Level 1:colcon.colcon_core.package_identification:_identify(src/eva_planning) by extension 'colcon_pkg'
[0.186s] Level 1:colcon.colcon_core.package_identification:_identify(src/eva_planning) by extensions ['colcon_meta']
[0.186s] Level 1:colcon.colcon_core.package_identification:_identify(src/eva_planning) by extension 'colcon_meta'
[0.186s] Level 1:colcon.colcon_core.package_identification:_identify(src/eva_planning) by extensions ['ros']
[0.186s] Level 1:colcon.colcon_core.package_identification:_identify(src/eva_planning) by extension 'ros'
[0.188s] DEBUG:colcon.colcon_core.package_identification:Package 'src/eva_planning' with type 'ros.ament_cmake' and name 'eva_planning'
[0.188s] Level 1:colcon.colcon_core.package_identification:_identify(src/vehicle_simulator) by extensions ['ignore', 'ignore_ament_install']
[0.188s] Level 1:colcon.colcon_core.package_identification:_identify(src/vehicle_simulator) by extension 'ignore'
[0.188s] Level 1:colcon.colcon_core.package_identification:_identify(src/vehicle_simulator) by extension 'ignore_ament_install'
[0.188s] Level 1:colcon.colcon_core.package_identification:_identify(src/vehicle_simulator) by extensions ['colcon_pkg']
[0.188s] Level 1:colcon.colcon_core.package_identification:_identify(src/vehicle_simulator) by extension 'colcon_pkg'
[0.188s] Level 1:colcon.colcon_core.package_identification:_identify(src/vehicle_simulator) by extensions ['colcon_meta']
[0.188s] Level 1:colcon.colcon_core.package_identification:_identify(src/vehicle_simulator) by extension 'colcon_meta'
[0.188s] Level 1:colcon.colcon_core.package_identification:_identify(src/vehicle_simulator) by extensions ['ros']
[0.188s] Level 1:colcon.colcon_core.package_identification:_identify(src/vehicle_simulator) by extension 'ros'
[0.189s] DEBUG:colcon.colcon_core.package_identification:Package 'src/vehicle_simulator' with type 'ros.ament_python' and name 'vehicle_simulator'
[0.189s] Level 1:colcon.colcon_core.package_discovery:discover_packages(recursive) using defaults
[0.189s] Level 1:colcon.colcon_core.package_discovery:discover_packages(ignore) discover
[0.189s] Level 1:colcon.colcon_core.package_discovery:discover_packages(ignore) using defaults
[0.189s] Level 1:colcon.colcon_core.package_discovery:discover_packages(path) discover
[0.189s] Level 1:colcon.colcon_core.package_discovery:discover_packages(path) using defaults
[0.201s] Level 1:colcon.colcon_core.package_discovery:discover_packages(prefix_path) check parameters
[0.201s] Level 1:colcon.colcon_core.package_discovery:discover_packages(prefix_path) discover
[0.202s] DEBUG:colcon.colcon_installed_package_information.package_discovery:Found 2 installed packages in /home/ziko/ros2_ws/install
[0.203s] DEBUG:colcon.colcon_installed_package_information.package_discovery:Found 309 installed packages in /opt/ros/humble
[0.210s] Level 1:colcon.colcon_core.package_discovery:discover_packages(prefix_path) using defaults
[0.240s] Level 5:colcon.colcon_core.verb:set package 'eva_planning' build argument 'cmake_args' from command line to 'None'
[0.240s] Level 5:colcon.colcon_core.verb:set package 'eva_planning' build argument 'cmake_target' from command line to 'None'
[0.240s] Level 5:colcon.colcon_core.verb:set package 'eva_planning' build argument 'cmake_target_skip_unavailable' from command line to 'False'
[0.240s] Level 5:colcon.colcon_core.verb:set package 'eva_planning' build argument 'cmake_clean_cache' from command line to 'False'
[0.240s] Level 5:colcon.colcon_core.verb:set package 'eva_planning' build argument 'cmake_clean_first' from command line to 'False'
[0.240s] Level 5:colcon.colcon_core.verb:set package 'eva_planning' build argument 'cmake_force_configure' from command line to 'False'
[0.240s] Level 5:colcon.colcon_core.verb:set package 'eva_planning' build argument 'ament_cmake_args' from command line to 'None'
[0.240s] Level 5:colcon.colcon_core.verb:set package 'eva_planning' build argument 'catkin_cmake_args' from command line to 'None'
[0.240s] Level 5:colcon.colcon_core.verb:set package 'eva_planning' build argument 'catkin_skip_building_tests' from command line to 'False'
[0.240s] DEBUG:colcon.colcon_core.verb:Building package 'eva_planning' with the following arguments: {'ament_cmake_args': None, 'build_base': '/home/ziko/ros2_ws/build/eva_planning', 'catkin_cmake_args': None, 'catkin_skip_building_tests': False, 'cmake_args': None, 'cmake_clean_cache': False, 'cmake_clean_first': False, 'cmake_force_configure': False, 'cmake_target': None, 'cmake_target_skip_unavailable': False, 'install_base': '/home/ziko/ros2_ws/install/eva_planning', 'merge_install': False, 'path': '/home/ziko/ros2_ws/src/eva_planning', 'symlink_install': True, 'test_result_base': None}
[0.240s] Level 5:colcon.colcon_core.verb:set package 'vehicle_simulator' build argument 'cmake_args' from command line to 'None'
[0.241s] Level 5:colcon.colcon_core.verb:set package 'vehicle_simulator' build argument 'cmake_target' from command line to 'None'
[0.241s] Level 5:colcon.colcon_core.verb:set package 'vehicle_simulator' build argument 'cmake_target_skip_unavailable' from command line to 'False'
[0.241s] Level 5:colcon.colcon_core.verb:set package 'vehicle_simulator' build argument 'cmake_clean_cache' from command line to 'False'
[0.241s] Level 5:colcon.colcon_core.verb:set package 'vehicle_simulator' build argument 'cmake_clean_first' from command line to 'False'
[0.241s] Level 5:colcon.colcon_core.verb:set package 'vehicle_simulator' build argument 'cmake_force_configure' from command line to 'False'
[0.241s] Level 5:colcon.colcon_core.verb:set package 'vehicle_simulator' build argument 'ament_cmake_args' from command line to 'None'
[0.241s] Level 5:colcon.colcon_core.verb:set package 'vehicle_simulator' build argument 'catkin_cmake_args' from command line to 'None'
[0.241s] Level 5:colcon.colcon_core.verb:set package 'vehicle_simulator' build argument 'catkin_skip_building_tests' from command line to 'False'
[0.241s] DEBUG:colcon.colcon_core.verb:Building package 'vehicle_simulator' with the following arguments: {'ament_cmake_args': None, 'build_base': '/home/ziko/ros2_ws/build/vehicle_simulator', 'catkin_cmake_args': None, 'catkin_skip_building_tests': False, 'cmake_args': None, 'cmake_clean_cache': False, 'cmake_clean_first': False, 'cmake_force_configure': False, 'cmake_target': None, 'cmake_target_skip_unavailable': False, 'install_base': '/home/ziko/ros2_ws/install/vehicle_simulator', 'merge_install': False, 'path': '/home/ziko/ros2_ws/src/vehicle_simulator', 'symlink_install': True, 'test_result_base': None}
[0.241s] INFO:colcon.colcon_core.executor:Executing jobs using 'parallel' executor
[0.241s] DEBUG:colcon.colcon_parallel_executor.executor.parallel:run_until_complete
[0.242s] INFO:colcon.colcon_ros.task.ament_cmake.build:Building ROS package in '/home/ziko/ros2_ws/src/eva_planning' with build type 'ament_cmake'
[0.242s] INFO:colcon.colcon_cmake.task.cmake.build:Building CMake package in '/home/ziko/ros2_ws/src/eva_planning'
[0.243s] INFO:colcon.colcon_core.plugin_system:Skipping extension 'colcon_core.shell.bat': Not used on non-Windows systems
[0.243s] INFO:colcon.colcon_core.shell:Skip shell extension 'powershell' for command environment: Not usable outside of PowerShell
[0.243s] DEBUG:colcon.colcon_core.shell:Skip shell extension 'dsv' for command environment
[0.245s] INFO:colcon.colcon_ros.task.ament_python.build:Building ROS package in '/home/ziko/ros2_ws/src/vehicle_simulator' with build type 'ament_python'
[0.245s] Level 1:colcon.colcon_core.shell:create_environment_hook('vehicle_simulator', 'ament_prefix_path')
[0.245s] INFO:colcon.colcon_core.shell:Creating environment hook '/home/ziko/ros2_ws/install/vehicle_simulator/share/vehicle_simulator/hook/ament_prefix_path.ps1'
[0.246s] INFO:colcon.colcon_core.shell:Creating environment descriptor '/home/ziko/ros2_ws/install/vehicle_simulator/share/vehicle_simulator/hook/ament_prefix_path.dsv'
[0.246s] INFO:colcon.colcon_core.shell:Creating environment hook '/home/ziko/ros2_ws/install/vehicle_simulator/share/vehicle_simulator/hook/ament_prefix_path.sh'
[0.246s] INFO:colcon.colcon_core.shell:Skip shell extension 'powershell' for command environment: Not usable outside of PowerShell
[0.246s] DEBUG:colcon.colcon_core.shell:Skip shell extension 'dsv' for command environment
[0.252s] DEBUG:colcon.colcon_core.event_handler.log_command:Invoking command in '/home/ziko/ros2_ws/build/eva_planning': CMAKE_PREFIX_PATH=${CMAKE_PREFIX_PATH}:/home/ziko/ros2_ws/install/vehicle_simulator:/opt/ros/humble /usr/bin/cmake --build /home/ziko/ros2_ws/build/eva_planning -- -j12 -l12
[0.501s] INFO:colcon.colcon_core.task.python.build:Building Python package in '/home/ziko/ros2_ws/src/vehicle_simulator'
[0.501s] INFO:colcon.colcon_core.shell:Skip shell extension 'powershell' for command environment: Not usable outside of PowerShell
[0.501s] DEBUG:colcon.colcon_core.shell:Skip shell extension 'dsv' for command environment
[0.666s] DEBUG:colcon.colcon_core.event_handler.log_command:Invoked command in '/home/ziko/ros2_ws/build/eva_planning' returned '0': CMAKE_PREFIX_PATH=${CMAKE_PREFIX_PATH}:/home/ziko/ros2_ws/install/vehicle_simulator:/opt/ros/humble /usr/bin/cmake --build /home/ziko/ros2_ws/build/eva_planning -- -j12 -l12
[0.675s] DEBUG:colcon.colcon_core.event_handler.log_command:Invoking command in '/home/ziko/ros2_ws/build/eva_planning': CMAKE_PREFIX_PATH=${CMAKE_PREFIX_PATH}:/home/ziko/ros2_ws/install/vehicle_simulator:/opt/ros/humble /usr/bin/cmake --install /home/ziko/ros2_ws/build/eva_planning
[0.731s] DEBUG:colcon.colcon_core.event_handler.log_command:Invoking command in '/home/ziko/ros2_ws/build/vehicle_simulator': PYTHONPATH=/home/ziko/ros2_ws/build/vehicle_simulator/prefix_override:/usr/lib/python3/dist-packages/colcon_core/task/python/colcon_distutils_commands:/home/ziko/ros2_ws/install/vehicle_simulator/lib/python3.10/site-packages:${PYTHONPATH} /usr/bin/python3 -W ignore:setup.py install is deprecated -W ignore:easy_install command is deprecated setup.py develop --editable --build-directory /home/ziko/ros2_ws/build/vehicle_simulator/build --no-deps symlink_data
[0.932s] Level 1:colcon.colcon_core.environment:create_environment_scripts_only(eva_planning)
[0.933s] DEBUG:colcon.colcon_core.event_handler.log_command:Invoked command in '/home/ziko/ros2_ws/build/eva_planning' returned '0': CMAKE_PREFIX_PATH=${CMAKE_PREFIX_PATH}:/home/ziko/ros2_ws/install/vehicle_simulator:/opt/ros/humble /usr/bin/cmake --install /home/ziko/ros2_ws/build/eva_planning
[0.935s] Level 1:colcon.colcon_core.environment:checking '/home/ziko/ros2_ws/install/eva_planning' for CMake module files
[0.935s] Level 1:colcon.colcon_core.environment:checking '/home/ziko/ros2_ws/install/eva_planning' for CMake config files
[0.935s] Level 1:colcon.colcon_core.shell:create_environment_hook('eva_planning', 'cmake_prefix_path')
[0.936s] INFO:colcon.colcon_core.shell:Creating environment hook '/home/ziko/ros2_ws/install/eva_planning/share/eva_planning/hook/cmake_prefix_path.ps1'
[0.936s] INFO:colcon.colcon_core.shell:Creating environment descriptor '/home/ziko/ros2_ws/install/eva_planning/share/eva_planning/hook/cmake_prefix_path.dsv'
[0.936s] INFO:colcon.colcon_core.shell:Creating environment hook '/home/ziko/ros2_ws/install/eva_planning/share/eva_planning/hook/cmake_prefix_path.sh'
[0.936s] Level 1:colcon.colcon_core.environment:checking '/home/ziko/ros2_ws/install/eva_planning/lib'
[0.937s] Level 1:colcon.colcon_core.environment:checking '/home/ziko/ros2_ws/install/eva_planning/bin'
[0.937s] Level 1:colcon.colcon_core.environment:checking '/home/ziko/ros2_ws/install/eva_planning/lib/pkgconfig/eva_planning.pc'
[0.937s] Level 1:colcon.colcon_core.environment:checking '/home/ziko/ros2_ws/install/eva_planning/lib/python3.10/site-packages'
[0.937s] Level 1:colcon.colcon_core.environment:checking '/home/ziko/ros2_ws/install/eva_planning/bin'
[0.937s] INFO:colcon.colcon_core.shell:Creating package script '/home/ziko/ros2_ws/install/eva_planning/share/eva_planning/package.ps1'
[0.938s] INFO:colcon.colcon_core.shell:Creating package descriptor '/home/ziko/ros2_ws/install/eva_planning/share/eva_planning/package.dsv'
[0.938s] INFO:colcon.colcon_core.shell:Creating package script '/home/ziko/ros2_ws/install/eva_planning/share/eva_planning/package.sh'
[0.938s] INFO:colcon.colcon_core.shell:Creating package script '/home/ziko/ros2_ws/install/eva_planning/share/eva_planning/package.bash'
[0.939s] INFO:colcon.colcon_core.shell:Creating package script '/home/ziko/ros2_ws/install/eva_planning/share/eva_planning/package.zsh'
[0.939s] Level 1:colcon.colcon_core.environment:create_file_with_runtime_dependencies(/home/ziko/ros2_ws/install/eva_planning/share/colcon-core/packages/eva_planning)
[0.939s] Level 1:colcon.colcon_core.environment:create_environment_scripts_only(eva_planning)
[0.939s] Level 1:colcon.colcon_core.environment:checking '/home/ziko/ros2_ws/install/eva_planning' for CMake module files
[0.940s] Level 1:colcon.colcon_core.environment:checking '/home/ziko/ros2_ws/install/eva_planning' for CMake config files
[0.940s] Level 1:colcon.colcon_core.shell:create_environment_hook('eva_planning', 'cmake_prefix_path')
[0.940s] INFO:colcon.colcon_core.shell:Creating environment hook '/home/ziko/ros2_ws/install/eva_planning/share/eva_planning/hook/cmake_prefix_path.ps1'
[0.944s] INFO:colcon.colcon_core.shell:Creating environment descriptor '/home/ziko/ros2_ws/install/eva_planning/share/eva_planning/hook/cmake_prefix_path.dsv'
[0.944s] INFO:colcon.colcon_core.shell:Creating environment hook '/home/ziko/ros2_ws/install/eva_planning/share/eva_planning/hook/cmake_prefix_path.sh'
[0.944s] Level 1:colcon.colcon_core.environment:checking '/home/ziko/ros2_ws/install/eva_planning/lib'
[0.945s] Level 1:colcon.colcon_core.environment:checking '/home/ziko/ros2_ws/install/eva_planning/bin'
[0.945s] Level 1:colcon.colcon_core.environment:checking '/home/ziko/ros2_ws/install/eva_planning/lib/pkgconfig/eva_planning.pc'
[0.945s] Level 1:colcon.colcon_core.environment:checking '/home/ziko/ros2_ws/install/eva_planning/lib/python3.10/site-packages'
[0.945s] Level 1:colcon.colcon_core.environment:checking '/home/ziko/ros2_ws/install/eva_planning/bin'
[0.945s] INFO:colcon.colcon_core.shell:Creating package script '/home/ziko/ros2_ws/install/eva_planning/share/eva_planning/package.ps1'
[0.945s] INFO:colcon.colcon_core.shell:Creating package descriptor '/home/ziko/ros2_ws/install/eva_planning/share/eva_planning/package.dsv'
[0.946s] INFO:colcon.colcon_core.shell:Creating package script '/home/ziko/ros2_ws/install/eva_planning/share/eva_planning/package.sh'
[0.946s] INFO:colcon.colcon_core.shell:Creating package script '/home/ziko/ros2_ws/install/eva_planning/share/eva_planning/package.bash'
[0.946s] INFO:colcon.colcon_core.shell:Creating package script '/home/ziko/ros2_ws/install/eva_planning/share/eva_planning/package.zsh'
[0.946s] Level 1:colcon.colcon_core.environment:create_file_with_runtime_dependencies(/home/ziko/ros2_ws/install/eva_planning/share/colcon-core/packages/eva_planning)
[0.997s] Level 1:colcon.colcon_core.shell:create_environment_hook('vehicle_simulator', 'pythonpath_develop')
[0.997s] INFO:colcon.colcon_core.shell:Creating environment hook '/home/ziko/ros2_ws/build/vehicle_simulator/share/vehicle_simulator/hook/pythonpath_develop.ps1'
[0.998s] DEBUG:colcon.colcon_core.event_handler.log_command:Invoked command in '/home/ziko/ros2_ws/build/vehicle_simulator' returned '0': PYTHONPATH=/home/ziko/ros2_ws/build/vehicle_simulator/prefix_override:/usr/lib/python3/dist-packages/colcon_core/task/python/colcon_distutils_commands:/home/ziko/ros2_ws/install/vehicle_simulator/lib/python3.10/site-packages:${PYTHONPATH} /usr/bin/python3 -W ignore:setup.py install is deprecated -W ignore:easy_install command is deprecated setup.py develop --editable --build-directory /home/ziko/ros2_ws/build/vehicle_simulator/build --no-deps symlink_data
[0.998s] INFO:colcon.colcon_core.shell:Creating environment descriptor '/home/ziko/ros2_ws/build/vehicle_simulator/share/vehicle_simulator/hook/pythonpath_develop.dsv'
[0.999s] INFO:colcon.colcon_core.shell:Creating environment hook '/home/ziko/ros2_ws/build/vehicle_simulator/share/vehicle_simulator/hook/pythonpath_develop.sh'
[0.999s] Level 1:colcon.colcon_core.environment:checking '/home/ziko/ros2_ws/install/vehicle_simulator' for CMake module files
[1.000s] Level 1:colcon.colcon_core.environment:checking '/home/ziko/ros2_ws/install/vehicle_simulator' for CMake config files
[1.000s] Level 1:colcon.colcon_core.environment:checking '/home/ziko/ros2_ws/install/vehicle_simulator/lib'
[1.000s] Level 1:colcon.colcon_core.environment:checking '/home/ziko/ros2_ws/install/vehicle_simulator/bin'
[1.000s] Level 1:colcon.colcon_core.environment:checking '/home/ziko/ros2_ws/install/vehicle_simulator/lib/pkgconfig/vehicle_simulator.pc'
[1.001s] Level 1:colcon.colcon_core.environment:checking '/home/ziko/ros2_ws/install/vehicle_simulator/lib/python3.10/site-packages'
[1.001s] Level 1:colcon.colcon_core.shell:create_environment_hook('vehicle_simulator', 'pythonpath')
[1.001s] INFO:colcon.colcon_core.shell:Creating environment hook '/home/ziko/ros2_ws/install/vehicle_simulator/share/vehicle_simulator/hook/pythonpath.ps1'
[1.001s] INFO:colcon.colcon_core.shell:Creating environment descriptor '/home/ziko/ros2_ws/install/vehicle_simulator/share/vehicle_simulator/hook/pythonpath.dsv'
[1.002s] INFO:colcon.colcon_core.shell:Creating environment hook '/home/ziko/ros2_ws/install/vehicle_simulator/share/vehicle_simulator/hook/pythonpath.sh'
[1.002s] Level 1:colcon.colcon_core.environment:checking '/home/ziko/ros2_ws/install/vehicle_simulator/bin'
[1.002s] Level 1:colcon.colcon_core.environment:create_environment_scripts_only(vehicle_simulator)
[1.003s] INFO:colcon.colcon_core.shell:Creating package script '/home/ziko/ros2_ws/install/vehicle_simulator/share/vehicle_simulator/package.ps1'
[1.003s] INFO:colcon.colcon_core.shell:Creating package descriptor '/home/ziko/ros2_ws/install/vehicle_simulator/share/vehicle_simulator/package.dsv'
[1.004s] INFO:colcon.colcon_core.shell:Creating package script '/home/ziko/ros2_ws/install/vehicle_simulator/share/vehicle_simulator/package.sh'
[1.004s] INFO:colcon.colcon_core.shell:Creating package script '/home/ziko/ros2_ws/install/vehicle_simulator/share/vehicle_simulator/package.bash'
[1.004s] INFO:colcon.colcon_core.shell:Creating package script '/home/ziko/ros2_ws/install/vehicle_simulator/share/vehicle_simulator/package.zsh'
[1.004s] Level 1:colcon.colcon_core.environment:create_file_with_runtime_dependencies(/home/ziko/ros2_ws/install/vehicle_simulator/share/colcon-core/packages/vehicle_simulator)
[1.004s] DEBUG:colcon.colcon_parallel_executor.executor.parallel:closing loop
[1.005s] DEBUG:colcon.colcon_parallel_executor.executor.parallel:loop closed
[1.005s] DEBUG:colcon.colcon_parallel_executor.executor.parallel:run_until_complete finished with '0'
[1.005s] DEBUG:colcon.colcon_core.event_reactor:joining thread
[1.012s] INFO:colcon.colcon_core.plugin_system:Skipping extension 'colcon_notification.desktop_notification.terminal_notifier': Not used on non-Darwin systems
[1.012s] INFO:colcon.colcon_core.plugin_system:Skipping extension 'colcon_notification.desktop_notification.win32': Not used on non-Windows systems
[1.012s] INFO:colcon.colcon_notification.desktop_notification:Sending desktop notification using 'notify2'
[1.034s] DEBUG:colcon.colcon_core.event_reactor:joined thread
[1.035s] INFO:colcon.colcon_core.shell:Creating prefix script '/home/ziko/ros2_ws/install/local_setup.ps1'
[1.036s] INFO:colcon.colcon_core.shell:Creating prefix util module '/home/ziko/ros2_ws/install/_local_setup_util_ps1.py'
[1.038s] INFO:colcon.colcon_core.shell:Creating prefix chain script '/home/ziko/ros2_ws/install/setup.ps1'
[1.039s] INFO:colcon.colcon_core.shell:Creating prefix script '/home/ziko/ros2_ws/install/local_setup.sh'
[1.040s] INFO:colcon.colcon_core.shell:Creating prefix util module '/home/ziko/ros2_ws/install/_local_setup_util_sh.py'
[1.041s] INFO:colcon.colcon_core.shell:Creating prefix chain script '/home/ziko/ros2_ws/install/setup.sh'
[1.042s] INFO:colcon.colcon_core.shell:Creating prefix script '/home/ziko/ros2_ws/install/local_setup.bash'
[1.043s] INFO:colcon.colcon_core.shell:Creating prefix chain script '/home/ziko/ros2_ws/install/setup.bash'
[1.045s] INFO:colcon.colcon_core.shell:Creating prefix script '/home/ziko/ros2_ws/install/local_setup.zsh'
[1.045s] INFO:colcon.colcon_core.shell:Creating prefix chain script '/home/ziko/ros2_ws/install/setup.zsh'
