[0.283s] DEBUG:colcon:Command line arguments: ['/usr/bin/colcon', 'build', '--symlink-install']
[0.283s] DEBUG:colcon:Parsed command line arguments: Namespace(log_base=None, log_level=None, verb_name='build', build_base='build', install_base='install', merge_install=False, symlink_install=True, test_result_base=None, continue_on_error=False, executor='parallel', parallel_workers=12, event_handlers=None, ignore_user_meta=False, metas=['./colcon.meta'], base_paths=['.'], packages_ignore=None, packages_ignore_regex=None, paths=None, packages_up_to=None, packages_up_to_regex=None, packages_above=None, packages_above_and_dependencies=None, packages_above_depth=None, packages_select_by_dep=None, packages_skip_by_dep=None, packages_skip_up_to=None, packages_select_build_failed=False, packages_skip_build_finished=False, packages_select_test_failures=False, packages_skip_test_passed=False, packages_select=None, packages_skip=None, packages_select_regex=None, packages_skip_regex=None, packages_start=None, packages_end=None, allow_overriding=[], cmake_args=None, cmake_target=None, cmake_target_skip_unavailable=False, cmake_clean_cache=False, cmake_clean_first=False, cmake_force_configure=False, ament_cmake_args=None, catkin_cmake_args=None, catkin_skip_building_tests=False, verb_parser=<colcon_defaults.argument_parser.defaults.DefaultArgumentsDecorator object at 0x7de4a653bee0>, verb_extension=<colcon_core.verb.build.BuildVerb object at 0x7de4a66711b0>, main=<bound method BuildVerb.main of <colcon_core.verb.build.BuildVerb object at 0x7de4a66711b0>>)
[0.539s] Level 1:colcon.colcon_core.package_discovery:discover_packages(colcon_meta) check parameters
[0.539s] Level 1:colcon.colcon_core.package_discovery:discover_packages(recursive) check parameters
[0.539s] Level 1:colcon.colcon_core.package_discovery:discover_packages(ignore) check parameters
[0.540s] Level 1:colcon.colcon_core.package_discovery:discover_packages(path) check parameters
[0.540s] Level 1:colcon.colcon_core.package_discovery:discover_packages(colcon_meta) discover
[0.540s] Level 1:colcon.colcon_core.package_discovery:discover_packages(recursive) discover
[0.540s] INFO:colcon.colcon_core.package_discovery:Crawling recursively for packages in '/home/ziko/ros2_ws'
[0.540s] Level 1:colcon.colcon_core.package_identification:_identify(.) by extensions ['ignore', 'ignore_ament_install']
[0.540s] Level 1:colcon.colcon_core.package_identification:_identify(.) by extension 'ignore'
[0.540s] Level 1:colcon.colcon_core.package_identification:_identify(.) by extension 'ignore_ament_install'
[0.540s] Level 1:colcon.colcon_core.package_identification:_identify(.) by extensions ['colcon_pkg']
[0.540s] Level 1:colcon.colcon_core.package_identification:_identify(.) by extension 'colcon_pkg'
[0.540s] Level 1:colcon.colcon_core.package_identification:_identify(.) by extensions ['colcon_meta']
[0.540s] Level 1:colcon.colcon_core.package_identification:_identify(.) by extension 'colcon_meta'
[0.540s] Level 1:colcon.colcon_core.package_identification:_identify(.) by extensions ['ros']
[0.540s] Level 1:colcon.colcon_core.package_identification:_identify(.) by extension 'ros'
[0.552s] Level 1:colcon.colcon_core.package_identification:_identify(.) by extensions ['cmake', 'python']
[0.552s] Level 1:colcon.colcon_core.package_identification:_identify(.) by extension 'cmake'
[0.552s] Level 1:colcon.colcon_core.package_identification:_identify(.) by extension 'python'
[0.552s] Level 1:colcon.colcon_core.package_identification:_identify(.) by extensions ['python_setup_py']
[0.552s] Level 1:colcon.colcon_core.package_identification:_identify(.) by extension 'python_setup_py'
[0.552s] Level 1:colcon.colcon_core.package_identification:_identify(build) by extensions ['ignore', 'ignore_ament_install']
[0.552s] Level 1:colcon.colcon_core.package_identification:_identify(build) by extension 'ignore'
[0.552s] Level 1:colcon.colcon_core.package_identification:_identify(build) ignored
[0.552s] Level 1:colcon.colcon_core.package_identification:_identify(install) by extensions ['ignore', 'ignore_ament_install']
[0.552s] Level 1:colcon.colcon_core.package_identification:_identify(install) by extension 'ignore'
[0.552s] Level 1:colcon.colcon_core.package_identification:_identify(install) ignored
[0.553s] Level 1:colcon.colcon_core.package_identification:_identify(log) by extensions ['ignore', 'ignore_ament_install']
[0.553s] Level 1:colcon.colcon_core.package_identification:_identify(log) by extension 'ignore'
[0.553s] Level 1:colcon.colcon_core.package_identification:_identify(log) ignored
[0.553s] Level 1:colcon.colcon_core.package_identification:_identify(src) by extensions ['ignore', 'ignore_ament_install']
[0.553s] Level 1:colcon.colcon_core.package_identification:_identify(src) by extension 'ignore'
[0.553s] Level 1:colcon.colcon_core.package_identification:_identify(src) by extension 'ignore_ament_install'
[0.553s] Level 1:colcon.colcon_core.package_identification:_identify(src) by extensions ['colcon_pkg']
[0.553s] Level 1:colcon.colcon_core.package_identification:_identify(src) by extension 'colcon_pkg'
[0.553s] Level 1:colcon.colcon_core.package_identification:_identify(src) by extensions ['colcon_meta']
[0.553s] Level 1:colcon.colcon_core.package_identification:_identify(src) by extension 'colcon_meta'
[0.553s] Level 1:colcon.colcon_core.package_identification:_identify(src) by extensions ['ros']
[0.553s] Level 1:colcon.colcon_core.package_identification:_identify(src) by extension 'ros'
[0.553s] Level 1:colcon.colcon_core.package_identification:_identify(src) by extensions ['cmake', 'python']
[0.553s] Level 1:colcon.colcon_core.package_identification:_identify(src) by extension 'cmake'
[0.553s] Level 1:colcon.colcon_core.package_identification:_identify(src) by extension 'python'
[0.553s] Level 1:colcon.colcon_core.package_identification:_identify(src) by extensions ['python_setup_py']
[0.553s] Level 1:colcon.colcon_core.package_identification:_identify(src) by extension 'python_setup_py'
[0.553s] Level 1:colcon.colcon_core.package_identification:_identify(src/eva_planning) by extensions ['ignore', 'ignore_ament_install']
[0.553s] Level 1:colcon.colcon_core.package_identification:_identify(src/eva_planning) by extension 'ignore'
[0.553s] Level 1:colcon.colcon_core.package_identification:_identify(src/eva_planning) by extension 'ignore_ament_install'
[0.553s] Level 1:colcon.colcon_core.package_identification:_identify(src/eva_planning) by extensions ['colcon_pkg']
[0.553s] Level 1:colcon.colcon_core.package_identification:_identify(src/eva_planning) by extension 'colcon_pkg'
[0.553s] Level 1:colcon.colcon_core.package_identification:_identify(src/eva_planning) by extensions ['colcon_meta']
[0.553s] Level 1:colcon.colcon_core.package_identification:_identify(src/eva_planning) by extension 'colcon_meta'
[0.553s] Level 1:colcon.colcon_core.package_identification:_identify(src/eva_planning) by extensions ['ros']
[0.553s] Level 1:colcon.colcon_core.package_identification:_identify(src/eva_planning) by extension 'ros'
[0.556s] DEBUG:colcon.colcon_core.package_identification:Package 'src/eva_planning' with type 'ros.ament_cmake' and name 'eva_planning'
[0.556s] Level 1:colcon.colcon_core.package_identification:_identify(src/vehicle_simulator) by extensions ['ignore', 'ignore_ament_install']
[0.556s] Level 1:colcon.colcon_core.package_identification:_identify(src/vehicle_simulator) by extension 'ignore'
[0.556s] Level 1:colcon.colcon_core.package_identification:_identify(src/vehicle_simulator) by extension 'ignore_ament_install'
[0.556s] Level 1:colcon.colcon_core.package_identification:_identify(src/vehicle_simulator) by extensions ['colcon_pkg']
[0.556s] Level 1:colcon.colcon_core.package_identification:_identify(src/vehicle_simulator) by extension 'colcon_pkg'
[0.556s] Level 1:colcon.colcon_core.package_identification:_identify(src/vehicle_simulator) by extensions ['colcon_meta']
[0.556s] Level 1:colcon.colcon_core.package_identification:_identify(src/vehicle_simulator) by extension 'colcon_meta'
[0.556s] Level 1:colcon.colcon_core.package_identification:_identify(src/vehicle_simulator) by extensions ['ros']
[0.556s] Level 1:colcon.colcon_core.package_identification:_identify(src/vehicle_simulator) by extension 'ros'
[0.557s] DEBUG:colcon.colcon_core.package_identification:Package 'src/vehicle_simulator' with type 'ros.ament_python' and name 'vehicle_simulator'
[0.557s] Level 1:colcon.colcon_core.package_discovery:discover_packages(recursive) using defaults
[0.557s] Level 1:colcon.colcon_core.package_discovery:discover_packages(ignore) discover
[0.557s] Level 1:colcon.colcon_core.package_discovery:discover_packages(ignore) using defaults
[0.557s] Level 1:colcon.colcon_core.package_discovery:discover_packages(path) discover
[0.557s] Level 1:colcon.colcon_core.package_discovery:discover_packages(path) using defaults
[0.588s] Level 1:colcon.colcon_core.package_discovery:discover_packages(prefix_path) check parameters
[0.588s] Level 1:colcon.colcon_core.package_discovery:discover_packages(prefix_path) discover
[0.591s] DEBUG:colcon.colcon_installed_package_information.package_discovery:Found 309 installed packages in /opt/ros/humble
[0.592s] Level 1:colcon.colcon_core.package_discovery:discover_packages(prefix_path) using defaults
[0.615s] Level 5:colcon.colcon_core.verb:set package 'eva_planning' build argument 'cmake_args' from command line to 'None'
[0.615s] Level 5:colcon.colcon_core.verb:set package 'eva_planning' build argument 'cmake_target' from command line to 'None'
[0.615s] Level 5:colcon.colcon_core.verb:set package 'eva_planning' build argument 'cmake_target_skip_unavailable' from command line to 'False'
[0.615s] Level 5:colcon.colcon_core.verb:set package 'eva_planning' build argument 'cmake_clean_cache' from command line to 'False'
[0.615s] Level 5:colcon.colcon_core.verb:set package 'eva_planning' build argument 'cmake_clean_first' from command line to 'False'
[0.615s] Level 5:colcon.colcon_core.verb:set package 'eva_planning' build argument 'cmake_force_configure' from command line to 'False'
[0.615s] Level 5:colcon.colcon_core.verb:set package 'eva_planning' build argument 'ament_cmake_args' from command line to 'None'
[0.615s] Level 5:colcon.colcon_core.verb:set package 'eva_planning' build argument 'catkin_cmake_args' from command line to 'None'
[0.615s] Level 5:colcon.colcon_core.verb:set package 'eva_planning' build argument 'catkin_skip_building_tests' from command line to 'False'
[0.615s] DEBUG:colcon.colcon_core.verb:Building package 'eva_planning' with the following arguments: {'ament_cmake_args': None, 'build_base': '/home/ziko/ros2_ws/build/eva_planning', 'catkin_cmake_args': None, 'catkin_skip_building_tests': False, 'cmake_args': None, 'cmake_clean_cache': False, 'cmake_clean_first': False, 'cmake_force_configure': False, 'cmake_target': None, 'cmake_target_skip_unavailable': False, 'install_base': '/home/ziko/ros2_ws/install/eva_planning', 'merge_install': False, 'path': '/home/ziko/ros2_ws/src/eva_planning', 'symlink_install': True, 'test_result_base': None}
[0.615s] Level 5:colcon.colcon_core.verb:set package 'vehicle_simulator' build argument 'cmake_args' from command line to 'None'
[0.615s] Level 5:colcon.colcon_core.verb:set package 'vehicle_simulator' build argument 'cmake_target' from command line to 'None'
[0.615s] Level 5:colcon.colcon_core.verb:set package 'vehicle_simulator' build argument 'cmake_target_skip_unavailable' from command line to 'False'
[0.615s] Level 5:colcon.colcon_core.verb:set package 'vehicle_simulator' build argument 'cmake_clean_cache' from command line to 'False'
[0.615s] Level 5:colcon.colcon_core.verb:set package 'vehicle_simulator' build argument 'cmake_clean_first' from command line to 'False'
[0.615s] Level 5:colcon.colcon_core.verb:set package 'vehicle_simulator' build argument 'cmake_force_configure' from command line to 'False'
[0.615s] Level 5:colcon.colcon_core.verb:set package 'vehicle_simulator' build argument 'ament_cmake_args' from command line to 'None'
[0.615s] Level 5:colcon.colcon_core.verb:set package 'vehicle_simulator' build argument 'catkin_cmake_args' from command line to 'None'
[0.615s] Level 5:colcon.colcon_core.verb:set package 'vehicle_simulator' build argument 'catkin_skip_building_tests' from command line to 'False'
[0.615s] DEBUG:colcon.colcon_core.verb:Building package 'vehicle_simulator' with the following arguments: {'ament_cmake_args': None, 'build_base': '/home/ziko/ros2_ws/build/vehicle_simulator', 'catkin_cmake_args': None, 'catkin_skip_building_tests': False, 'cmake_args': None, 'cmake_clean_cache': False, 'cmake_clean_first': False, 'cmake_force_configure': False, 'cmake_target': None, 'cmake_target_skip_unavailable': False, 'install_base': '/home/ziko/ros2_ws/install/vehicle_simulator', 'merge_install': False, 'path': '/home/ziko/ros2_ws/src/vehicle_simulator', 'symlink_install': True, 'test_result_base': None}
[0.615s] INFO:colcon.colcon_core.executor:Executing jobs using 'parallel' executor
[0.616s] DEBUG:colcon.colcon_parallel_executor.executor.parallel:run_until_complete
[0.616s] INFO:colcon.colcon_ros.task.ament_cmake.build:Building ROS package in '/home/ziko/ros2_ws/src/eva_planning' with build type 'ament_cmake'
[0.616s] INFO:colcon.colcon_cmake.task.cmake.build:Building CMake package in '/home/ziko/ros2_ws/src/eva_planning'
[0.619s] INFO:colcon.colcon_core.plugin_system:Skipping extension 'colcon_core.shell.bat': Not used on non-Windows systems
[0.619s] INFO:colcon.colcon_core.shell:Skip shell extension 'powershell' for command environment: Not usable outside of PowerShell
[0.619s] DEBUG:colcon.colcon_core.shell:Skip shell extension 'dsv' for command environment
[0.621s] INFO:colcon.colcon_ros.task.ament_python.build:Building ROS package in '/home/ziko/ros2_ws/src/vehicle_simulator' with build type 'ament_python'
[0.621s] Level 1:colcon.colcon_core.shell:create_environment_hook('vehicle_simulator', 'ament_prefix_path')
[0.621s] INFO:colcon.colcon_core.shell:Creating environment hook '/home/ziko/ros2_ws/install/vehicle_simulator/share/vehicle_simulator/hook/ament_prefix_path.ps1'
[0.622s] INFO:colcon.colcon_core.shell:Creating environment descriptor '/home/ziko/ros2_ws/install/vehicle_simulator/share/vehicle_simulator/hook/ament_prefix_path.dsv'
[0.622s] INFO:colcon.colcon_core.shell:Creating environment hook '/home/ziko/ros2_ws/install/vehicle_simulator/share/vehicle_simulator/hook/ament_prefix_path.sh'
[0.623s] INFO:colcon.colcon_core.shell:Skip shell extension 'powershell' for command environment: Not usable outside of PowerShell
[0.623s] DEBUG:colcon.colcon_core.shell:Skip shell extension 'dsv' for command environment
[0.628s] DEBUG:colcon.colcon_core.event_handler.log_command:Invoking command in '/home/ziko/ros2_ws/build/eva_planning': CMAKE_PREFIX_PATH=/opt/ros/humble /usr/bin/cmake /home/ziko/ros2_ws/src/eva_planning -DAMENT_CMAKE_SYMLINK_INSTALL=1 -DCMAKE_INSTALL_PREFIX=/home/ziko/ros2_ws/install/eva_planning
[0.788s] INFO:colcon.colcon_core.task.python.build:Building Python package in '/home/ziko/ros2_ws/src/vehicle_simulator'
[0.788s] INFO:colcon.colcon_core.shell:Skip shell extension 'powershell' for command environment: Not usable outside of PowerShell
[0.788s] DEBUG:colcon.colcon_core.shell:Skip shell extension 'dsv' for command environment
[1.093s] DEBUG:colcon.colcon_core.event_handler.log_command:Invoking command in '/home/ziko/ros2_ws/build/vehicle_simulator': PYTHONPATH=/home/ziko/ros2_ws/build/vehicle_simulator/prefix_override:/usr/lib/python3/dist-packages/colcon_core/task/python/colcon_distutils_commands:/home/ziko/ros2_ws/install/vehicle_simulator/lib/python3.10/site-packages:${PYTHONPATH} /usr/bin/python3 -W ignore:setup.py install is deprecated -W ignore:easy_install command is deprecated setup.py develop --editable --build-directory /home/ziko/ros2_ws/build/vehicle_simulator/build --no-deps symlink_data
[1.302s] DEBUG:colcon.colcon_core.event_handler.log_command:Invoked command in '/home/ziko/ros2_ws/build/eva_planning' returned '0': CMAKE_PREFIX_PATH=/opt/ros/humble /usr/bin/cmake /home/ziko/ros2_ws/src/eva_planning -DAMENT_CMAKE_SYMLINK_INSTALL=1 -DCMAKE_INSTALL_PREFIX=/home/ziko/ros2_ws/install/eva_planning
[1.302s] DEBUG:colcon.colcon_core.event_handler.log_command:Invoking command in '/home/ziko/ros2_ws/build/eva_planning': CMAKE_PREFIX_PATH=/opt/ros/humble /usr/bin/cmake --build /home/ziko/ros2_ws/build/eva_planning -- -j12 -l12
[1.393s] Level 1:colcon.colcon_core.shell:create_environment_hook('vehicle_simulator', 'pythonpath_develop')
[1.393s] INFO:colcon.colcon_core.shell:Creating environment hook '/home/ziko/ros2_ws/build/vehicle_simulator/share/vehicle_simulator/hook/pythonpath_develop.ps1'
[1.394s] DEBUG:colcon.colcon_core.event_handler.log_command:Invoked command in '/home/ziko/ros2_ws/build/vehicle_simulator' returned '0': PYTHONPATH=/home/ziko/ros2_ws/build/vehicle_simulator/prefix_override:/usr/lib/python3/dist-packages/colcon_core/task/python/colcon_distutils_commands:/home/ziko/ros2_ws/install/vehicle_simulator/lib/python3.10/site-packages:${PYTHONPATH} /usr/bin/python3 -W ignore:setup.py install is deprecated -W ignore:easy_install command is deprecated setup.py develop --editable --build-directory /home/ziko/ros2_ws/build/vehicle_simulator/build --no-deps symlink_data
[1.395s] INFO:colcon.colcon_core.shell:Creating environment descriptor '/home/ziko/ros2_ws/build/vehicle_simulator/share/vehicle_simulator/hook/pythonpath_develop.dsv'
[1.395s] INFO:colcon.colcon_core.shell:Creating environment hook '/home/ziko/ros2_ws/build/vehicle_simulator/share/vehicle_simulator/hook/pythonpath_develop.sh'
[1.403s] Level 1:colcon.colcon_core.environment:checking '/home/ziko/ros2_ws/install/vehicle_simulator' for CMake module files
[1.405s] Level 1:colcon.colcon_core.environment:checking '/home/ziko/ros2_ws/install/vehicle_simulator' for CMake config files
[1.406s] Level 1:colcon.colcon_core.environment:checking '/home/ziko/ros2_ws/install/vehicle_simulator/lib'
[1.406s] Level 1:colcon.colcon_core.environment:checking '/home/ziko/ros2_ws/install/vehicle_simulator/bin'
[1.406s] Level 1:colcon.colcon_core.environment:checking '/home/ziko/ros2_ws/install/vehicle_simulator/lib/pkgconfig/vehicle_simulator.pc'
[1.407s] Level 1:colcon.colcon_core.environment:checking '/home/ziko/ros2_ws/install/vehicle_simulator/lib/python3.10/site-packages'
[1.407s] Level 1:colcon.colcon_core.shell:create_environment_hook('vehicle_simulator', 'pythonpath')
[1.407s] INFO:colcon.colcon_core.shell:Creating environment hook '/home/ziko/ros2_ws/install/vehicle_simulator/share/vehicle_simulator/hook/pythonpath.ps1'
[1.408s] INFO:colcon.colcon_core.shell:Creating environment descriptor '/home/ziko/ros2_ws/install/vehicle_simulator/share/vehicle_simulator/hook/pythonpath.dsv'
[1.408s] INFO:colcon.colcon_core.shell:Creating environment hook '/home/ziko/ros2_ws/install/vehicle_simulator/share/vehicle_simulator/hook/pythonpath.sh'
[1.409s] Level 1:colcon.colcon_core.environment:checking '/home/ziko/ros2_ws/install/vehicle_simulator/bin'
[1.409s] Level 1:colcon.colcon_core.environment:create_environment_scripts_only(vehicle_simulator)
[1.410s] INFO:colcon.colcon_core.shell:Creating package script '/home/ziko/ros2_ws/install/vehicle_simulator/share/vehicle_simulator/package.ps1'
[1.411s] INFO:colcon.colcon_core.shell:Creating package descriptor '/home/ziko/ros2_ws/install/vehicle_simulator/share/vehicle_simulator/package.dsv'
[1.412s] INFO:colcon.colcon_core.shell:Creating package script '/home/ziko/ros2_ws/install/vehicle_simulator/share/vehicle_simulator/package.sh'
[1.413s] INFO:colcon.colcon_core.shell:Creating package script '/home/ziko/ros2_ws/install/vehicle_simulator/share/vehicle_simulator/package.bash'
[1.415s] INFO:colcon.colcon_core.shell:Creating package script '/home/ziko/ros2_ws/install/vehicle_simulator/share/vehicle_simulator/package.zsh'
[1.416s] Level 1:colcon.colcon_core.environment:create_file_with_runtime_dependencies(/home/ziko/ros2_ws/install/vehicle_simulator/share/colcon-core/packages/vehicle_simulator)
[7.264s] Level 1:colcon.colcon_core.environment:create_environment_scripts_only(eva_planning)
[7.264s] DEBUG:colcon.colcon_core.event_handler.log_command:Invoked command in '/home/ziko/ros2_ws/build/eva_planning' returned '2': CMAKE_PREFIX_PATH=/opt/ros/humble /usr/bin/cmake --build /home/ziko/ros2_ws/build/eva_planning -- -j12 -l12
[7.264s] Level 1:colcon.colcon_core.environment:checking '/home/ziko/ros2_ws/install/eva_planning' for CMake module files
[7.265s] Level 1:colcon.colcon_core.environment:checking '/home/ziko/ros2_ws/install/eva_planning' for CMake config files
[7.266s] Level 1:colcon.colcon_core.shell:create_environment_hook('eva_planning', 'cmake_prefix_path')
[7.266s] INFO:colcon.colcon_core.shell:Creating environment hook '/home/ziko/ros2_ws/install/eva_planning/share/eva_planning/hook/cmake_prefix_path.ps1'
[7.266s] INFO:colcon.colcon_core.shell:Creating environment descriptor '/home/ziko/ros2_ws/install/eva_planning/share/eva_planning/hook/cmake_prefix_path.dsv'
[7.267s] INFO:colcon.colcon_core.shell:Creating environment hook '/home/ziko/ros2_ws/install/eva_planning/share/eva_planning/hook/cmake_prefix_path.sh'
[7.268s] Level 1:colcon.colcon_core.environment:checking '/home/ziko/ros2_ws/install/eva_planning/lib'
[7.268s] Level 1:colcon.colcon_core.environment:checking '/home/ziko/ros2_ws/install/eva_planning/bin'
[7.268s] Level 1:colcon.colcon_core.environment:checking '/home/ziko/ros2_ws/install/eva_planning/lib/pkgconfig/eva_planning.pc'
[7.268s] Level 1:colcon.colcon_core.environment:checking '/home/ziko/ros2_ws/install/eva_planning/lib/python3.10/site-packages'
[7.269s] Level 1:colcon.colcon_core.environment:checking '/home/ziko/ros2_ws/install/eva_planning/bin'
[7.269s] INFO:colcon.colcon_core.shell:Creating package script '/home/ziko/ros2_ws/install/eva_planning/share/eva_planning/package.ps1'
[7.270s] INFO:colcon.colcon_core.shell:Creating package descriptor '/home/ziko/ros2_ws/install/eva_planning/share/eva_planning/package.dsv'
[7.270s] INFO:colcon.colcon_core.shell:Creating package script '/home/ziko/ros2_ws/install/eva_planning/share/eva_planning/package.sh'
[7.271s] INFO:colcon.colcon_core.shell:Creating package script '/home/ziko/ros2_ws/install/eva_planning/share/eva_planning/package.bash'
[7.271s] INFO:colcon.colcon_core.shell:Creating package script '/home/ziko/ros2_ws/install/eva_planning/share/eva_planning/package.zsh'
[7.271s] Level 1:colcon.colcon_core.environment:create_file_with_runtime_dependencies(/home/ziko/ros2_ws/install/eva_planning/share/colcon-core/packages/eva_planning)
[7.282s] DEBUG:colcon.colcon_parallel_executor.executor.parallel:closing loop
[7.282s] DEBUG:colcon.colcon_parallel_executor.executor.parallel:loop closed
[7.282s] DEBUG:colcon.colcon_parallel_executor.executor.parallel:run_until_complete finished with '2'
[7.282s] DEBUG:colcon.colcon_core.event_reactor:joining thread
[7.292s] INFO:colcon.colcon_core.plugin_system:Skipping extension 'colcon_notification.desktop_notification.terminal_notifier': Not used on non-Darwin systems
[7.293s] INFO:colcon.colcon_core.plugin_system:Skipping extension 'colcon_notification.desktop_notification.win32': Not used on non-Windows systems
[7.293s] INFO:colcon.colcon_notification.desktop_notification:Sending desktop notification using 'notify2'
[7.339s] DEBUG:colcon.colcon_core.event_reactor:joined thread
[7.340s] INFO:colcon.colcon_core.shell:Creating prefix script '/home/ziko/ros2_ws/install/local_setup.ps1'
[7.342s] INFO:colcon.colcon_core.shell:Creating prefix util module '/home/ziko/ros2_ws/install/_local_setup_util_ps1.py'
[7.344s] INFO:colcon.colcon_core.shell:Creating prefix chain script '/home/ziko/ros2_ws/install/setup.ps1'
[7.345s] INFO:colcon.colcon_core.shell:Creating prefix script '/home/ziko/ros2_ws/install/local_setup.sh'
[7.346s] INFO:colcon.colcon_core.shell:Creating prefix util module '/home/ziko/ros2_ws/install/_local_setup_util_sh.py'
[7.347s] INFO:colcon.colcon_core.shell:Creating prefix chain script '/home/ziko/ros2_ws/install/setup.sh'
[7.349s] INFO:colcon.colcon_core.shell:Creating prefix script '/home/ziko/ros2_ws/install/local_setup.bash'
[7.350s] INFO:colcon.colcon_core.shell:Creating prefix chain script '/home/ziko/ros2_ws/install/setup.bash'
[7.351s] INFO:colcon.colcon_core.shell:Creating prefix script '/home/ziko/ros2_ws/install/local_setup.zsh'
[7.352s] INFO:colcon.colcon_core.shell:Creating prefix chain script '/home/ziko/ros2_ws/install/setup.zsh'
