[2.893s] DEBUG:colcon:Command line arguments: ['/usr/bin/colcon', 'build']
[2.894s] DEBUG:colcon:Parsed command line arguments: Namespace(ament_cmake_args=None, base_paths=['.'], build_base='build', catkin_cmake_args=None, catkin_skip_building_tests=False, cmake_args=None, cmake_clean_cache=False, cmake_clean_first=False, cmake_force_configure=False, cmake_target=None, cmake_target_skip_unavailable=False, continue_on_error=False, event_handlers=None, executor='parallel', ignore_user_meta=False, install_base='install', log_base=None, log_level=None, main=<bound method BuildVerb.main of <colcon_core.verb.build.BuildVerb object at 0x7f9e0943c8>>, merge_install=False, metas=['./colcon.meta'], packages_above=None, packages_above_and_dependencies=None, packages_above_depth=None, packages_end=None, packages_ignore=None, packages_ignore_regex=None, packages_select=None, packages_select_build_failed=False, packages_select_by_dep=None, packages_select_regex=None, packages_select_test_failures=False, packages_skip=None, packages_skip_build_finished=False, packages_skip_by_dep=None, packages_skip_regex=None, packages_skip_test_passed=False, packages_skip_up_to=None, packages_start=None, packages_up_to=None, packages_up_to_regex=None, parallel_workers=2, paths=None, symlink_install=False, test_result_base=None, verb_extension=<colcon_core.verb.build.BuildVerb object at 0x7f9e0943c8>, verb_name='build', verb_parser=<colcon_defaults.argument_parser.defaults.DefaultArgumentsDecorator object at 0x7f9df55dd8>)
[3.115s] Level 1:colcon.colcon_core.package_discovery:discover_packages(colcon_meta) check parameters
[3.116s] Level 1:colcon.colcon_core.package_discovery:discover_packages(recursive) check parameters
[3.116s] Level 1:colcon.colcon_core.package_discovery:discover_packages(ignore) check parameters
[3.116s] Level 1:colcon.colcon_core.package_discovery:discover_packages(path) check parameters
[3.117s] Level 1:colcon.colcon_core.package_discovery:discover_packages(colcon_meta) discover
[3.119s] Level 1:colcon.colcon_core.package_discovery:discover_packages(recursive) discover
[3.119s] INFO:colcon.colcon_core.package_discovery:Crawling recursively for packages in '/ros2_ws'
[3.120s] Level 1:colcon.colcon_core.package_identification:_identify(.) by extensions ['ignore', 'ignore_ament_install']
[3.121s] Level 1:colcon.colcon_core.package_identification:_identify(.) by extension 'ignore'
[3.121s] Level 1:colcon.colcon_core.package_identification:_identify(.) by extension 'ignore_ament_install'
[3.122s] Level 1:colcon.colcon_core.package_identification:_identify(.) by extensions ['colcon_pkg']
[3.122s] Level 1:colcon.colcon_core.package_identification:_identify(.) by extension 'colcon_pkg'
[3.123s] Level 1:colcon.colcon_core.package_identification:_identify(.) by extensions ['colcon_meta']
[3.123s] Level 1:colcon.colcon_core.package_identification:_identify(.) by extension 'colcon_meta'
[3.123s] Level 1:colcon.colcon_core.package_identification:_identify(.) by extensions ['ros']
[3.124s] Level 1:colcon.colcon_core.package_identification:_identify(.) by extension 'ros'
[3.447s] Level 1:colcon.colcon_core.package_identification:_identify(.) by extensions ['cmake', 'python']
[3.447s] Level 1:colcon.colcon_core.package_identification:_identify(.) by extension 'cmake'
[3.448s] Level 1:colcon.colcon_core.package_identification:_identify(.) by extension 'python'
[3.448s] Level 1:colcon.colcon_core.package_identification:_identify(.) by extensions ['python_setup_py']
[3.449s] Level 1:colcon.colcon_core.package_identification:_identify(.) by extension 'python_setup_py'
[3.450s] Level 1:colcon.colcon_core.package_identification:_identify(build) by extensions ['ignore', 'ignore_ament_install']
[3.450s] Level 1:colcon.colcon_core.package_identification:_identify(build) by extension 'ignore'
[3.451s] Level 1:colcon.colcon_core.package_identification:_identify(build) ignored
[3.453s] Level 1:colcon.colcon_core.package_identification:_identify(install) by extensions ['ignore', 'ignore_ament_install']
[3.454s] Level 1:colcon.colcon_core.package_identification:_identify(install) by extension 'ignore'
[3.455s] Level 1:colcon.colcon_core.package_identification:_identify(install) ignored
[3.455s] Level 1:colcon.colcon_core.package_identification:_identify(log) by extensions ['ignore', 'ignore_ament_install']
[3.456s] Level 1:colcon.colcon_core.package_identification:_identify(log) by extension 'ignore'
[3.456s] Level 1:colcon.colcon_core.package_identification:_identify(log) ignored
[3.457s] Level 1:colcon.colcon_core.package_identification:_identify(src) by extensions ['ignore', 'ignore_ament_install']
[3.458s] Level 1:colcon.colcon_core.package_identification:_identify(src) by extension 'ignore'
[3.458s] Level 1:colcon.colcon_core.package_identification:_identify(src) by extension 'ignore_ament_install'
[3.459s] Level 1:colcon.colcon_core.package_identification:_identify(src) by extensions ['colcon_pkg']
[3.459s] Level 1:colcon.colcon_core.package_identification:_identify(src) by extension 'colcon_pkg'
[3.459s] Level 1:colcon.colcon_core.package_identification:_identify(src) by extensions ['colcon_meta']
[3.460s] Level 1:colcon.colcon_core.package_identification:_identify(src) by extension 'colcon_meta'
[3.460s] Level 1:colcon.colcon_core.package_identification:_identify(src) by extensions ['ros']
[3.461s] Level 1:colcon.colcon_core.package_identification:_identify(src) by extension 'ros'
[3.462s] Level 1:colcon.colcon_core.package_identification:_identify(src) by extensions ['cmake', 'python']
[3.462s] Level 1:colcon.colcon_core.package_identification:_identify(src) by extension 'cmake'
[3.463s] Level 1:colcon.colcon_core.package_identification:_identify(src) by extension 'python'
[3.463s] Level 1:colcon.colcon_core.package_identification:_identify(src) by extensions ['python_setup_py']
[3.463s] Level 1:colcon.colcon_core.package_identification:_identify(src) by extension 'python_setup_py'
[3.464s] Level 1:colcon.colcon_core.package_discovery:discover_packages(recursive) using defaults
[3.466s] Level 1:colcon.colcon_core.package_discovery:discover_packages(ignore) discover
[3.466s] Level 1:colcon.colcon_core.package_discovery:discover_packages(ignore) using defaults
[3.466s] Level 1:colcon.colcon_core.package_discovery:discover_packages(path) discover
[3.466s] Level 1:colcon.colcon_core.package_discovery:discover_packages(path) using defaults
[3.644s] INFO:colcon.colcon_core.executor:Executing jobs using 'parallel' executor
[3.653s] DEBUG:colcon.colcon_parallel_executor.executor.parallel:run_until_complete
[3.654s] DEBUG:colcon.colcon_parallel_executor.executor.parallel:closing loop
[3.654s] DEBUG:colcon.colcon_parallel_executor.executor.parallel:loop closed
[3.654s] DEBUG:colcon.colcon_parallel_executor.executor.parallel:run_until_complete finished with '0'
[3.655s] DEBUG:colcon.colcon_core.event_reactor:joining thread
[3.715s] INFO:colcon.colcon_core.plugin_system:Skipping extension 'colcon_notification.desktop_notification.notify_send': Could not find 'notify-send'
[3.715s] INFO:colcon.colcon_core.plugin_system:Skipping extension 'colcon_notification.desktop_notification.terminal_notifier': Not used on non-Darwin systems
[3.716s] INFO:colcon.colcon_core.plugin_system:Skipping extension 'colcon_notification.desktop_notification.win32': Not used on non-Windows systems
[3.716s] INFO:colcon.colcon_notification.desktop_notification:Sending desktop notification using 'notify2'
[3.722s] DEBUG:colcon.colcon_notification.desktop_notification.notify2:Failed to initialize notify2: org.freedesktop.DBus.Error.InvalidFileContent: D-Bus library appears to be incorrectly set up: see the manual page for dbus-uuidgen to correct this issue. (Failed to open "/var/lib/dbus/machine-id": No such file or directory; UUID file '/etc/machine-id' should contain a hex string of length 32, not length 0, with no other text)
[3.722s] DEBUG:colcon.colcon_core.event_reactor:joined thread
[3.745s] INFO:colcon.colcon_core.plugin_system:Skipping extension 'colcon_core.shell.bat': Not used on non-Windows systems
[3.747s] INFO:colcon.colcon_core.shell:Creating prefix script '/ros2_ws/install/local_setup.ps1'
[3.757s] INFO:colcon.colcon_core.shell:Creating prefix util module '/ros2_ws/install/_local_setup_util_ps1.py'
[3.773s] INFO:colcon.colcon_core.shell:Creating prefix chain script '/ros2_ws/install/setup.ps1'
[3.790s] INFO:colcon.colcon_core.shell:Creating prefix script '/ros2_ws/install/local_setup.sh'
[3.795s] INFO:colcon.colcon_core.shell:Creating prefix util module '/ros2_ws/install/_local_setup_util_sh.py'
[3.798s] INFO:colcon.colcon_core.shell:Creating prefix chain script '/ros2_ws/install/setup.sh'
[3.809s] INFO:colcon.colcon_core.shell:Creating prefix script '/ros2_ws/install/local_setup.bash'
[3.814s] INFO:colcon.colcon_core.shell:Creating prefix chain script '/ros2_ws/install/setup.bash'
[3.822s] INFO:colcon.colcon_core.shell:Creating prefix script '/ros2_ws/install/local_setup.zsh'
[3.827s] INFO:colcon.colcon_core.shell:Creating prefix chain script '/ros2_ws/install/setup.zsh'
